2015-10-19 22:08:55,491 INFO  [AndroMDA] - discovering namespaces -
2015-10-19 22:08:55,580 INFO  [AndroMDA] found namespace --> 'emf-uml2'
2015-10-19 22:08:55,580 INFO  [AndroMDA]   +  registering component 'repository'
2015-10-19 22:08:55,591 INFO  [AndroMDA]   +  registering component 'metafacades'
2015-10-19 22:08:55,706 INFO  [AndroMDA]   +  registering component 'profile'
2015-10-19 22:08:55,716 INFO  [AndroMDA] found namespace --> 'hibernate'
2015-10-19 22:08:55,717 INFO  [AndroMDA]   +  registering component 'cartridge'
2015-10-19 22:08:55,753 INFO  [AndroMDA]   +  registering component 'metafacades'
2015-10-19 22:08:55,776 INFO  [AndroMDA]   +  registering component 'profile'
2015-10-19 22:08:55,824 INFO  [AndroMDA] found namespace --> 'java'
2015-10-19 22:08:55,825 INFO  [AndroMDA]   +  registering component 'cartridge'
2015-10-19 22:08:55,830 INFO  [AndroMDA]   +  registering component 'profile'
2015-10-19 22:08:55,832 INFO  [AndroMDA]   +  registering component 'metafacades'
2015-10-19 22:08:55,837 INFO  [AndroMDA] found namespace --> 'netBeansMDR'
2015-10-19 22:08:55,837 INFO  [AndroMDA]   +  registering component 'repository'
2015-10-19 22:08:55,906 INFO  [AndroMDA] found namespace --> 'spring'
2015-10-19 22:08:55,906 INFO  [AndroMDA]   +  registering component 'cartridge'
2015-10-19 22:08:55,941 INFO  [AndroMDA]   +  registering component 'metafacades'
2015-10-19 22:08:55,978 INFO  [AndroMDA]   +  registering component 'profile'
2015-10-19 22:08:55,984 INFO  [AndroMDA] found namespace --> 'uml-1.4'
2015-10-19 22:08:55,984 INFO  [AndroMDA]   +  registering component 'metafacades'
2015-10-19 22:08:56,055 INFO  [AndroMDA]   +  registering component 'profile'
2015-10-19 22:08:56,058 INFO  [AndroMDA] found namespace --> 'validation'
2015-10-19 22:08:56,059 INFO  [AndroMDA]   +  registering component 'translation-library'
2015-10-19 22:08:56,858 INFO  [AndroMDA] - core initialization complete: 1.549[s] -
2015-10-19 22:08:56,874 ERROR [org.andromda.core.engine.ModelProcessor] Error performing ModelProcessor.process with model(s) --> 'C:\github\javaforum\mda\src\main\uml\javaforumModel.xml'
2015-10-19 22:08:56,883 ERROR [AndroMDA] Exception recorded in --> 'C:\github\javaforum\andromda151019220856.exc'
